<?xml version="1.0" encoding="UTF-8"?>
<!-- Generated by org.testng.reporters.JUnitReportReporter -->
<testsuite hostname="KalyaniMotors" failures="0" tests="1" name="tests.LoginTest" time="19.354" errors="0" timestamp="2025-08-20T11:52:29 IST" skipped="0">
  <testcase classname="tests.LoginTest" name="testValidLogin" time="19.354"/>
</testsuite> <!-- tests.LoginTest -->
