<?xml version="1.0" encoding="UTF-8"?>
<!-- Generated by org.testng.reporters.JUnitReportReporter -->
<testsuite hostname="KalyaniMotors" failures="0" tests="1" name="tests.EmployeeTest" time="45.790" errors="0" timestamp="2025-08-20T12:41:24 IST" skipped="0">
  <testcase classname="tests.EmployeeTest" name="testAddAndVerifyEmployees" time="45.790"/>
</testsuite> <!-- tests.EmployeeTest -->
